<?xml version="1.0" encoding="UTF-8"?>
<!-- Generated by org.testng.reporters.JUnitReportReporter -->
<testsuite skipped="0" hostname="DESKTOP-EA42FIK" name="com.yahoo.test.TESTYahooSignup" tests="1" failures="0" timestamp="11 Jan 2021 19:10:29 GMT" time="30.676" errors="0">
  <testcase name="signup" time="30.676" classname="com.yahoo.test.TESTYahooSignup"/>
</testsuite> <!-- com.yahoo.test.TESTYahooSignup -->
